<?xml version="1.0" encoding="UTF-8"?>
<!-- Generated by org.testng.reporters.JUnitXMLReporter -->
<testsuite ignored="0" hostname="Pankajs-MBP" failures="0" tests="6" name="Surefire test" time="0.022" errors="0" timestamp="09 Jul 2020 06:11:03 GMT">
  <testcase classname="TestAutomation.Test2" name="testC" time="0.004"/>
  <testcase classname="TestAutomation.Test2" name="testD" time="0.001"/>
  <testcase classname="TestAutomation.Test3" name="testE" time="0.0"/>
  <testcase classname="TestAutomation.Test3" name="testF" time="0.0"/>
  <testcase classname="TestAutomation.Test1" name="testA" time="0.001"/>
  <testcase classname="TestAutomation.Test1" name="testB" time="0.0"/>
</testsuite> <!-- Surefire test -->
