<?xml version="1.0" encoding="UTF-8"?>
<!-- Generated by org.testng.reporters.JUnitXMLReporter -->
<testsuite ignored="0" hostname="Pankajs-MBP" failures="0" tests="4" name="Test" time="0.018" errors="0" timestamp="09 Jul 2020 06:46:14 GMT">
  <testcase classname="TestAutomation.Test1" name="testA" time="0.004"/>
  <testcase classname="TestAutomation.Test1" name="testB" time="0.0"/>
  <testcase classname="TestAutomation.Test2" name="testC" time="0.0"/>
  <testcase classname="TestAutomation.Test2" name="testD" time="0.0"/>
</testsuite> <!-- Test -->
