<?xml version="1.0" encoding="UTF-8"?>
<testsuite xmlns:xsi="http://www.w3.org/2001/XMLSchema-instance" xsi:noNamespaceSchemaLocation="https://maven.apache.org/surefire/maven-surefire-plugin/xsd/surefire-test-report-3.0.xsd" version="3.0" name="TestSuite" time="0.567" tests="4" errors="0" skipped="0" failures="0">
  <properties>
[...]
</properties>
  <testcase name="testA" classname="TestAutomation.Test1" time="0.003">
    <system-out><![CDATA[[TestNGContentHandler] [WARN] It is strongly recommended to add "<!DOCTYPE suite SYSTEM "http://testng.org/testng-1.0.dtd" >" at the top of your file, otherwise TestNG may fail or not work as expected.
This is Test A
]]></system-out>
  </testcase>
  <testcase name="testB" classname="TestAutomation.Test1" time="0">
    <system-out><![CDATA[This is Test B
]]></system-out>
  </testcase>
  <testcase name="testC" classname="TestAutomation.Test2" time="0">
    <system-out><![CDATA[This is Test C
]]></system-out>
  </testcase>
  <testcase name="testD" classname="TestAutomation.Test2" time="0">
    <system-out><![CDATA[This is Test D
]]></system-out>
  </testcase>
</testsuite>