<?xml version="1.0" encoding="UTF-8"?>
<testng-results ignored="0" total="4" passed="4" failed="0" skipped="0">
  <reporter-output>
  </reporter-output>
  <suite started-at="2020-07-09T06:46:14Z" name="Suite" finished-at="2020-07-09T06:46:14Z" duration-ms="18">
    <groups>
    </groups>
    <test started-at="2020-07-09T06:46:14Z" name="Test" finished-at="2020-07-09T06:46:14Z" duration-ms="18">
      <class name="TestAutomation.Test1">
        <test-method signature="testA()[pri:0, instance:TestAutomation.Test1@7905a0b8]" started-at="2020-07-09T06:46:14Z" name="testA" finished-at="2020-07-09T06:46:14Z" duration-ms="4" status="PASS">
          <reporter-output>
          </reporter-output>
        </test-method> <!-- testA -->
        <test-method signature="testB()[pri:0, instance:TestAutomation.Test1@7905a0b8]" started-at="2020-07-09T06:46:14Z" name="testB" finished-at="2020-07-09T06:46:14Z" duration-ms="0" status="PASS">
          <reporter-output>
          </reporter-output>
        </test-method> <!-- testB -->
      </class> <!-- TestAutomation.Test1 -->
      <class name="TestAutomation.Test2">
        <test-method signature="testC()[pri:0, instance:TestAutomation.Test2@35a3d49f]" started-at="2020-07-09T06:46:14Z" name="testC" finished-at="2020-07-09T06:46:14Z" duration-ms="0" status="PASS">
          <reporter-output>
          </reporter-output>
        </test-method> <!-- testC -->
        <test-method signature="testD()[pri:0, instance:TestAutomation.Test2@35a3d49f]" started-at="2020-07-09T06:46:14Z" name="testD" finished-at="2020-07-09T06:46:14Z" duration-ms="0" status="PASS">
          <reporter-output>
          </reporter-output>
        </test-method> <!-- testD -->
      </class> <!-- TestAutomation.Test2 -->
    </test> <!-- Test -->
  </suite> <!-- Suite -->
</testng-results>
