<?xml version="1.0" encoding="UTF-8"?>
<testng-results ignored="0" total="2" passed="2" failed="0" skipped="0">
  <reporter-output>
  </reporter-output>
  <suite started-at="2020-07-08T23:09:58 PDT" name="Default suite" finished-at="2020-07-08T23:09:58 PDT" duration-ms="37">
    <groups>
    </groups>
    <test started-at="2020-07-08T23:09:58 PDT" name="Default test" finished-at="2020-07-08T23:09:58 PDT" duration-ms="37">
      <class name="TestAutomation.Test3">
        <test-method signature="testE()[pri:0, instance:TestAutomation.Test3@291b4bf5]" started-at="2020-07-08T23:09:58 PDT" name="testE" finished-at="2020-07-08T23:09:58 PDT" duration-ms="7" status="PASS">
          <reporter-output>
          </reporter-output>
        </test-method> <!-- testE -->
        <test-method signature="testF()[pri:0, instance:TestAutomation.Test3@291b4bf5]" started-at="2020-07-08T23:09:58 PDT" name="testF" finished-at="2020-07-08T23:09:58 PDT" duration-ms="1" status="PASS">
          <reporter-output>
          </reporter-output>
        </test-method> <!-- testF -->
      </class> <!-- TestAutomation.Test3 -->
    </test> <!-- Default test -->
  </suite> <!-- Default suite -->
</testng-results>
